Copyright 1986-2020 Xilinx, Inc. All Rights Reserved.
---------------------------------------------------------------------------------------------
| Tool Version : Vivado v.2020.2 (win64) Build 3064766 Wed Nov 18 09:12:45 MST 2020
| Date         : Thu May 13 13:04:27 2021
| Host         : DESKTOP-S4DCQVH running 64-bit major release  (build 9200)
| Command      : report_control_sets -verbose -file design_1_wrapper_control_sets_placed.rpt
| Design       : design_1_wrapper
| Device       : xc7a100t
---------------------------------------------------------------------------------------------

Control Set Information

Table of Contents
-----------------
1. Summary
2. Histogram
3. Flip-Flop Distribution
4. Detailed Control Set Information

1. Summary
----------

+----------------------------------------------------------+-------+
|                          Status                          | Count |
+----------------------------------------------------------+-------+
| Total control sets                                       |    72 |
|    Minimum number of control sets                        |    72 |
|    Addition due to synthesis replication                 |     0 |
|    Addition due to physical synthesis replication        |     0 |
| Unused register locations in slices containing registers |   237 |
+----------------------------------------------------------+-------+
* Control sets can be merged at opt_design using control_set_merge or merge_equivalent_drivers
** Run report_qor_suggestions for automated merging and remapping suggestions


2. Histogram
------------

+--------------------+-------+
|       Fanout       | Count |
+--------------------+-------+
| Total control sets |    72 |
| >= 0 to < 4        |    16 |
| >= 4 to < 6        |    13 |
| >= 6 to < 8        |     4 |
| >= 8 to < 10       |    10 |
| >= 10 to < 12      |     3 |
| >= 12 to < 14      |     0 |
| >= 14 to < 16      |     0 |
| >= 16              |    26 |
+--------------------+-------+
* Control sets can be remapped at either synth_design or opt_design


3. Flip-Flop Distribution
-------------------------

+--------------+-----------------------+------------------------+-----------------+--------------+
| Clock Enable | Synchronous Set/Reset | Asynchronous Set/Reset | Total Registers | Total Slices |
+--------------+-----------------------+------------------------+-----------------+--------------+
| No           | No                    | No                     |             352 |          121 |
| No           | No                    | Yes                    |              30 |           11 |
| No           | Yes                   | No                     |             293 |          113 |
| Yes          | No                    | No                     |             247 |           74 |
| Yes          | No                    | Yes                    |              15 |            8 |
| Yes          | Yes                   | No                     |             386 |          129 |
+--------------+-----------------------+------------------------+-----------------+--------------+


4. Detailed Control Set Information
-----------------------------------

+------------------------------------------------------------+-----------------------------------------------------------------------------------------------------------------------------------------------------------------------------------------------------------+-----------------------------------------------------------------------------------------------------------------------------------------------------------------------------+------------------+----------------+--------------+
|                        Clock Signal                        |                                                                                               Enable Signal                                                                                               |                                                                               Set/Reset Signal                                                                              | Slice Load Count | Bel Load Count | Bels / Slice |
+------------------------------------------------------------+-----------------------------------------------------------------------------------------------------------------------------------------------------------------------------------------------------------+-----------------------------------------------------------------------------------------------------------------------------------------------------------------------------+------------------+----------------+--------------+
|  design_1_i/mdm_1/U0/Use_E2.BSCAN_I/Dbg_Update_0_BUFG      | design_1_i/microblaze_0/U0/MicroBlaze_Core_I/Area.Core/Implement_Debug_Logic.Master_Core.Debug_Area/Control_Reg_En                                                                                        | design_1_i/microblaze_0/U0/MicroBlaze_Core_I/Area.Core/Implement_Debug_Logic.Master_Core.Debug_Area/Serial_Dbg_Intf.continue_from_brk_reg_n_0                               |                1 |              1 |         1.00 |
|  design_1_i/mdm_1/U0/Use_E2.BSCAN_I/Dbg_Update_0_BUFG      |                                                                                                                                                                                                           | design_1_i/mdm_1/U0/MDM_Core_I1/JTAG_CONTROL_I/Use_BSCAN.FDC_I/command_11                                                                                                   |                1 |              1 |         1.00 |
| ~design_1_i/mdm_1/U0/No_Dbg_Reg_Access.BUFG_DRCK/Dbg_Clk_0 | design_1_i/mdm_1/U0/MDM_Core_I1/JTAG_CONTROL_I/Use_BSCAN.FDC_I/CE                                                                                                                                         | design_1_i/mdm_1/U0/MDM_Core_I1/JTAG_CONTROL_I/Use_BSCAN.FDC_I/D                                                                                                            |                1 |              1 |         1.00 |
|  design_1_i/mdm_1/U0/No_Dbg_Reg_Access.BUFG_DRCK/Dbg_Clk_0 | design_1_i/mdm_1/U0/Use_E2.BSCAN_I/Use_BSCAN.PORT_Selector_reg[0]                                                                                                                                         | design_1_i/mdm_1/U0/MDM_Core_I1/JTAG_CONTROL_I/Functional_Reset                                                                                                             |                1 |              1 |         1.00 |
| ~design_1_i/mdm_1/U0/Use_E2.BSCAN_I/Dbg_Update_0_BUFG      |                                                                                                                                                                                                           | design_1_i/mdm_1/U0/MDM_Core_I1/JTAG_CONTROL_I/sel_n                                                                                                                        |                1 |              1 |         1.00 |
|  design_1_i/clk_wiz_1/inst/clk_out1                        | design_1_i/microblaze_0/U0/MicroBlaze_Core_I/Area.Core/Implement_Debug_Logic.Master_Core.Debug_Area/Area_Debug_Control.Stop_CPU_FDRSE/Area_Debug_Control.force_stop_cmd_hold_reg                          | design_1_i/microblaze_0/U0/MicroBlaze_Core_I/Area.Core/Implement_Debug_Logic.Master_Core.Debug_Area/Area_Debug_Control.Stop_Instr_Fetch_FDRSE/Using_FPGA.Native_i_1__83_n_0 |                1 |              1 |         1.00 |
|  design_1_i/mdm_1/U0/Use_E2.BSCAN_I/Dbg_Update_0_BUFG      | design_1_i/microblaze_0/U0/MicroBlaze_Core_I/Area.Core/Implement_Debug_Logic.Master_Core.Debug_Area/Control_Reg_En                                                                                        | design_1_i/microblaze_0/U0/MicroBlaze_Core_I/Area.Core/Implement_Debug_Logic.Master_Core.Debug_Area/start_single_step_reg_n_0                                               |                1 |              1 |         1.00 |
|  design_1_i/clk_wiz_1/inst/clk_out1                        |                                                                                                                                                                                                           | design_1_i/microblaze_0/U0/MicroBlaze_Core_I/Area.Core/Decode_I/Using_FPGA.New_Carry_MUXCY/Use_Async_Reset.sync_reset_reg                                                   |                1 |              1 |         1.00 |
|  design_1_i/mdm_1/U0/Use_E2.BSCAN_I/Dbg_Update_0_BUFG      | design_1_i/microblaze_0/U0/MicroBlaze_Core_I/Area.Core/Implement_Debug_Logic.Master_Core.Debug_Area/Control_Reg_En                                                                                        | design_1_i/microblaze_0/U0/MicroBlaze_Core_I/Area.Core/Implement_Debug_Logic.Master_Core.Debug_Area/Serial_Dbg_Intf.normal_stop_cmd_rst_i_i_1_n_0                           |                1 |              1 |         1.00 |
|  design_1_i/clk_wiz_1/inst/clk_out1                        |                                                                                                                                                                                                           | design_1_i/microblaze_0/U0/MicroBlaze_Core_I/Area.Core/Decode_I/MSR_Rst                                                                                                     |                1 |              1 |         1.00 |
|  design_1_i/clk_wiz_1/inst/clk_out1                        |                                                                                                                                                                                                           | design_1_i/microblaze_0/U0/MicroBlaze_Core_I/Area.Core/Decode_I/Use_Async_Reset.sync_reset_reg                                                                              |                1 |              1 |         1.00 |
|  design_1_i/clk_wiz_1/inst/clk_out1                        | design_1_i/microblaze_0/U0/MicroBlaze_Core_I/Area.Core/Implement_Debug_Logic.Master_Core.Debug_Area/Area_Debug_Control.Stop_CPU_FDRSE/Area_Debug_Control.force_stop_cmd_hold_reg                          | design_1_i/microblaze_0/U0/MicroBlaze_Core_I/Area.Core/Implement_Debug_Logic.Master_Core.Debug_Area/Area_Debug_Control.Stop_CPU_FDRSE/Using_FPGA.Native_i_1__82_n_0         |                1 |              1 |         1.00 |
|  design_1_i/clk_wiz_1/inst/clk_out1                        | design_1_i/microblaze_0/U0/MicroBlaze_Core_I/Area.Core/Implement_Debug_Logic.Master_Core.Debug_Area/Area_Debug_Control.Stop_CPU_FDRSE/Area_Debug_Control.force_stop_cmd_hold_reg                          | design_1_i/microblaze_0/U0/MicroBlaze_Core_I/Area.Core/Implement_Debug_Logic.Master_Core.Debug_Area/Area_Debug_Control.Dbg_Inhibit_EX_FDRSE/Using_FPGA.Native_i_1__81_n_0   |                1 |              1 |         1.00 |
|  design_1_i/mdm_1/U0/Use_E2.BSCAN_I/Dbg_Update_0_BUFG      | design_1_i/microblaze_0/U0/MicroBlaze_Core_I/Area.Core/Implement_Debug_Logic.Master_Core.Debug_Area/Control_Reg_En                                                                                        | design_1_i/microblaze_0/U0/MicroBlaze_Core_I/Area.Core/Implement_Debug_Logic.Master_Core.Debug_Area/Functional_Reset                                                        |                1 |              1 |         1.00 |
|  design_1_i/clk_wiz_1/inst/clk_out1                        |                                                                                                                                                                                                           | design_1_i/microblaze_0/U0/MicroBlaze_Core_I/Area.Core/Implement_Debug_Logic.Master_Core.Debug_Area/capture_1                                                               |                1 |              1 |         1.00 |
|  design_1_i/mdm_1/U0/Use_E2.BSCAN_I/Dbg_Update_0_BUFG      | design_1_i/microblaze_0/U0/MicroBlaze_Core_I/Area.Core/Implement_Debug_Logic.Master_Core.Debug_Area/Command_Reg_En                                                                                        | design_1_i/microblaze_0/U0/MicroBlaze_Core_I/Area.Core/Implement_Debug_Logic.Master_Core.Debug_Area/command_reg_clear                                                       |                1 |              2 |         2.00 |
|  design_1_i/clk_wiz_1/inst/clk_out1                        |                                                                                                                                                                                                           | design_1_i/microblaze_0/U0/MicroBlaze_Core_I/Area.Core/Decode_I/Using_FPGA.MUXCY_JUMP_CARRY3/S_0                                                                            |                2 |              4 |         2.00 |
|  design_1_i/mdm_1/U0/No_Dbg_Reg_Access.BUFG_DRCK/Dbg_Clk_0 | design_1_i/mdm_1/U0/MDM_Core_I1/TDI_Shifter0                                                                                                                                                              | design_1_i/mdm_1/U0/Use_E2.BSCAN_I/AR[0]                                                                                                                                    |                1 |              4 |         4.00 |
|  design_1_i/clk_wiz_1/inst/clk_out1                        |                                                                                                                                                                                                           | design_1_i/axi_gpio_0/U0/AXI_LITE_IPIF_I/I_SLAVE_ATTACHMENT/clear                                                                                                           |                1 |              4 |         4.00 |
|  design_1_i/mdm_1/U0/Use_E2.BSCAN_I/Dbg_Update_0_BUFG      |                                                                                                                                                                                                           |                                                                                                                                                                             |                3 |              4 |         1.33 |
|  design_1_i/mdm_1/U0/Use_E2.BSCAN_I/Dbg_Update_0_BUFG      | design_1_i/microblaze_0/U0/MicroBlaze_Core_I/Area.Core/Implement_Debug_Logic.Master_Core.Debug_Area/Control_Reg_En                                                                                        |                                                                                                                                                                             |                2 |              4 |         2.00 |
| ~design_1_i/mdm_1/U0/Use_E2.BSCAN_I/Dbg_Update_0_BUFG      |                                                                                                                                                                                                           | design_1_i/mdm_1/U0/Use_E2.BSCAN_I/AR[0]                                                                                                                                    |                1 |              4 |         4.00 |
|  design_1_i/clk_wiz_1/inst/clk_out1                        | design_1_i/axi_gpio_0/U0/AXI_LITE_IPIF_I/I_SLAVE_ATTACHMENT/start2                                                                                                                                        | design_1_i/axi_gpio_0/U0/AXI_LITE_IPIF_I/I_SLAVE_ATTACHMENT/I_DECODER/cs_ce_clr                                                                                             |                1 |              4 |         4.00 |
|  design_1_i/clk_wiz_1/inst/clk_out1                        | design_1_i/mdm_1/U0/MDM_Core_I1/JTAG_CONTROL_I/Use_UART.RX_FIFO_I/data_Exists_I_reg_0                                                                                                                     | design_1_i/mdm_1/U0/MDM_Core_I1/Use_Uart.reset_RX_FIFO_i_reg_n_0                                                                                                            |                1 |              4 |         4.00 |
|  design_1_i/clk_wiz_1/inst/clk_out1                        | design_1_i/axi_gpio_0/U0/AXI_LITE_IPIF_I/I_SLAVE_ATTACHMENT/bus2ip_addr_i[8]_i_1_n_0                                                                                                                      | design_1_i/axi_gpio_0/U0/AXI_LITE_IPIF_I/I_SLAVE_ATTACHMENT/SR[0]                                                                                                           |                2 |              4 |         2.00 |
|  design_1_i/clk_wiz_1/inst/clk_out1                        | design_1_i/mdm_1/U0/Use_AXI_IPIF.AXI_LITE_IPIF_I/I_SLAVE_ATTACHMENT/start2                                                                                                                                | design_1_i/mdm_1/U0/Use_AXI_IPIF.AXI_LITE_IPIF_I/I_SLAVE_ATTACHMENT/I_DECODER/cs_ce_clr                                                                                     |                1 |              4 |         4.00 |
|  design_1_i/clk_wiz_1/inst/clk_out1                        | design_1_i/mdm_1/U0/MDM_Core_I1/JTAG_CONTROL_I/Use_UART.TX_FIFO_I/data_Exists_I_reg_0                                                                                                                     | design_1_i/mdm_1/U0/MDM_Core_I1/Use_Uart.reset_TX_FIFO_i_reg_n_0                                                                                                            |                1 |              4 |         4.00 |
|  design_1_i/mdm_1/U0/Use_E2.BSCAN_I/Dbg_Update_0_BUFG      | design_1_i/mdm_1/U0/MDM_Core_I1/MDM_SEL                                                                                                                                                                   | design_1_i/mdm_1/U0/Use_E2.BSCAN_I/AR[0]                                                                                                                                    |                1 |              4 |         4.00 |
|  design_1_i/clk_wiz_1/inst/clk_out1                        |                                                                                                                                                                                                           | design_1_i/rst_clk_wiz_1_100M/U0/EXT_LPF/lpf_int                                                                                                                            |                2 |              5 |         2.50 |
|  design_1_i/mdm_1/U0/No_Dbg_Reg_Access.BUFG_DRCK/Dbg_Clk_0 | design_1_i/mdm_1/U0/Use_E2.BSCAN_I/Using_FPGA.Native                                                                                                                                                      |                                                                                                                                                                             |                1 |              6 |         6.00 |
|  design_1_i/mdm_1/U0/No_Dbg_Reg_Access.BUFG_DRCK/Dbg_Clk_0 | design_1_i/mdm_1/U0/Use_E2.BSCAN_I/sel                                                                                                                                                                    |                                                                                                                                                                             |                2 |              6 |         3.00 |
|  design_1_i/mdm_1/U0/No_Dbg_Reg_Access.BUFG_DRCK/Dbg_Clk_0 | design_1_i/mdm_1/U0/MDM_Core_I1/JTAG_CONTROL_I/Use_BSCAN.FDC_I/sample_1                                                                                                                                   |                                                                                                                                                                             |                1 |              6 |         6.00 |
|  design_1_i/clk_wiz_1/inst/clk_out1                        | design_1_i/rst_clk_wiz_1_100M/U0/SEQ/seq_cnt_en                                                                                                                                                           | design_1_i/rst_clk_wiz_1_100M/U0/SEQ/SEQ_COUNTER/clear                                                                                                                      |                1 |              6 |         6.00 |
|  design_1_i/mdm_1/U0/Use_E2.BSCAN_I/Dbg_Update_0_BUFG      | design_1_i/mdm_1/U0/MDM_Core_I1/JTAG_CONTROL_I/Use_BSCAN.FDC_I/command_10                                                                                                                                 |                                                                                                                                                                             |                1 |              8 |         8.00 |
|  design_1_i/clk_wiz_1/inst/clk_out1                        | design_1_i/mdm_1/U0/Use_AXI_IPIF.AXI_LITE_IPIF_I/I_SLAVE_ATTACHMENT/s_axi_rresp_i                                                                                                                         | design_1_i/mdm_1/U0/Use_AXI_IPIF.AXI_LITE_IPIF_I/I_SLAVE_ATTACHMENT/rst                                                                                                     |                3 |              8 |         2.67 |
|  design_1_i/clk_wiz_1/inst/clk_out1                        | design_1_i/mdm_1/U0/MDM_Core_I1/JTAG_CONTROL_I/Use_UART.TX_FIFO_I/Addr_Counters[2].FDRE_I/CI                                                                                                              |                                                                                                                                                                             |                3 |              8 |         2.67 |
|  design_1_i/clk_wiz_1/inst/clk_out1                        | design_1_i/mdm_1/U0/MDM_Core_I1/JTAG_CONTROL_I/Use_UART.RX_FIFO_I/Addr_Counters[2].FDRE_I/CI                                                                                                              |                                                                                                                                                                             |                2 |              8 |         4.00 |
|  design_1_i/mdm_1/U0/No_Dbg_Reg_Access.BUFG_DRCK/Dbg_Clk_0 | design_1_i/mdm_1/U0/MDM_Core_I1/JTAG_CONTROL_I/tdi_shifter0                                                                                                                                               |                                                                                                                                                                             |                2 |              8 |         4.00 |
| ~design_1_i/mdm_1/U0/Use_E2.BSCAN_I/Dbg_Update_0_BUFG      | design_1_i/mdm_1/U0/MDM_Core_I1/JTAG_CONTROL_I/Use_BSCAN.command[0]_i_1_n_0                                                                                                                               |                                                                                                                                                                             |                2 |              8 |         4.00 |
|  design_1_i/mdm_1/U0/No_Dbg_Reg_Access.BUFG_DRCK/Dbg_Clk_0 | design_1_i/mdm_1/U0/Use_E2.BSCAN_I/Use_E2.BSCANE2_I_0                                                                                                                                                     |                                                                                                                                                                             |                2 |              8 |         4.00 |
|  design_1_i/mdm_1/U0/No_Dbg_Reg_Access.BUFG_DRCK/Dbg_Clk_0 | design_1_i/mdm_1/U0/MDM_Core_I1/JTAG_CONTROL_I/Use_BSCAN.SYNC_FDRE/Using_FPGA.Native_0                                                                                                                    |                                                                                                                                                                             |                1 |              8 |         8.00 |
|  design_1_i/clk_wiz_1/inst/clk_out1                        | design_1_i/microblaze_0/U0/MicroBlaze_Core_I/Area.Core/Decode_I/Using_FPGA.of_PipeRun_MuxCY_1/mul_Executing_reg                                                                                           | design_1_i/microblaze_0/U0/MicroBlaze_Core_I/Area.Core/Decode_I/Using_FPGA.MUXCY_JUMP_CARRY3/inHibit_EX_reg_1                                                               |                3 |              8 |         2.67 |
|  design_1_i/mdm_1/U0/No_Dbg_Reg_Access.BUFG_DRCK/Dbg_Clk_0 | design_1_i/microblaze_0/U0/MicroBlaze_Core_I/Area.Core/Implement_Debug_Logic.Master_Core.Debug_Area/Using_PC_Breakpoints.All_PC_Brks[0].Serial_Interface_1.address_hit_I/Compare[0].SRLC16E_I/which_pc__0 |                                                                                                                                                                             |                7 |              8 |         1.14 |
|  design_1_i/clk_wiz_1/inst/clk_out1                        |                                                                                                                                                                                                           | design_1_i/mdm_1/U0/Use_AXI_IPIF.AXI_LITE_IPIF_I/I_SLAVE_ATTACHMENT/rst                                                                                                     |                3 |             10 |         3.33 |
|  design_1_i/mdm_1/U0/No_Dbg_Reg_Access.BUFG_DRCK/Dbg_Clk_0 | design_1_i/mdm_1/U0/MDM_Core_I1/JTAG_CONTROL_I/Use_BSCAN.FDC_I/Use_Serial_Unified_Completion.completion_block_reg                                                                                         |                                                                                                                                                                             |                4 |             10 |         2.50 |
|  design_1_i/clk_wiz_1/inst/clk_out1                        |                                                                                                                                                                                                           | design_1_i/microblaze_0_axi_periph/xbar/inst/gen_sasd.crossbar_sasd_0/addr_arbiter_inst/SR[0]                                                                               |                4 |             11 |         2.75 |
|  design_1_i/clk_wiz_1/inst/clk_out1                        | design_1_i/axi_gpio_0/U0/AXI_LITE_IPIF_I/I_SLAVE_ATTACHMENT/I_DECODER/E[0]                                                                                                                                | design_1_i/axi_gpio_0/U0/AXI_LITE_IPIF_I/I_SLAVE_ATTACHMENT/SR[0]                                                                                                           |                5 |             16 |         3.20 |
|  design_1_i/clk_wiz_1/inst/clk_out1                        | design_1_i/microblaze_0/U0/MicroBlaze_Core_I/Area.Core/Decode_I/PreFetch_Buffer_I/of_valid_FDR_I/E[0]                                                                                                     | design_1_i/microblaze_0/U0/MicroBlaze_Core_I/sync_reset                                                                                                                     |                7 |             16 |         2.29 |
|  design_1_i/clk_wiz_1/inst/clk_out1                        | design_1_i/axi_gpio_0/U0/AXI_LITE_IPIF_I/I_SLAVE_ATTACHMENT/I_DECODER/bus2ip_rnw_i_reg[0]                                                                                                                 | design_1_i/axi_gpio_0/U0/AXI_LITE_IPIF_I/I_SLAVE_ATTACHMENT/SR[0]                                                                                                           |                5 |             16 |         3.20 |
|  design_1_i/clk_wiz_1/inst/clk_out1                        |                                                                                                                                                                                                           | design_1_i/microblaze_0/U0/MicroBlaze_Core_I/Area.Core/Decode_I/ex_not_mul_op                                                                                               |                6 |             17 |         2.83 |
|  design_1_i/clk_wiz_1/inst/clk_out1                        | design_1_i/axi_gpio_0/U0/AXI_LITE_IPIF_I/I_SLAVE_ATTACHMENT/s_axi_rresp_i                                                                                                                                 | design_1_i/axi_gpio_0/U0/AXI_LITE_IPIF_I/I_SLAVE_ATTACHMENT/SR[0]                                                                                                           |                5 |             17 |         3.40 |
|  design_1_i/mdm_1/U0/No_Dbg_Reg_Access.BUFG_DRCK/Dbg_Clk_0 |                                                                                                                                                                                                           | design_1_i/mdm_1/U0/Use_E2.BSCAN_I/Use_E2.BSCANE2_I_1                                                                                                                       |                7 |             23 |         3.29 |
|  design_1_i/clk_wiz_1/inst/clk_out1                        | design_1_i/microblaze_0_axi_periph/xbar/inst/gen_sasd.crossbar_sasd_0/addr_arbiter_inst/p_0_in1_in                                                                                                        | design_1_i/microblaze_0_axi_periph/xbar/inst/gen_sasd.crossbar_sasd_0/addr_arbiter_inst/SR[0]                                                                               |                7 |             23 |         3.29 |
|  design_1_i/clk_wiz_1/inst/clk_out1                        |                                                                                                                                                                                                           | design_1_i/axi_gpio_0/U0/AXI_LITE_IPIF_I/I_SLAVE_ATTACHMENT/SR[0]                                                                                                           |               10 |             32 |         3.20 |
|  design_1_i/clk_wiz_1/inst/clk_out1                        |                                                                                                                                                                                                           | design_1_i/axi_gpio_0/U0/gpio_core_1/Read_Reg_Rst                                                                                                                           |                9 |             32 |         3.56 |
|  design_1_i/clk_wiz_1/inst/clk_out1                        | design_1_i/microblaze_0/U0/MicroBlaze_Core_I/Area.Core/Implement_Debug_Logic.Master_Core.Debug_Area/Area_Debug_Control.Stop_Instr_Fetch_FDRSE/E[0]                                                        | design_1_i/microblaze_0/U0/MicroBlaze_Core_I/sync_reset                                                                                                                     |               12 |             32 |         2.67 |
|  design_1_i/mdm_1/U0/No_Dbg_Reg_Access.BUFG_DRCK/Dbg_Clk_0 | design_1_i/microblaze_0/U0/MicroBlaze_Core_I/Area.Core/Implement_Debug_Logic.Master_Core.Debug_Area/New_Dbg_Instr_TCK                                                                                     |                                                                                                                                                                             |               10 |             32 |         3.20 |
|  design_1_i/clk_wiz_1/inst/clk_out1                        | design_1_i/microblaze_0_axi_periph/xbar/inst/gen_sasd.crossbar_sasd_0/addr_arbiter_inst/s_axi_rvalid[0]                                                                                                   | design_1_i/microblaze_0/U0/MicroBlaze_Core_I/sync_reset                                                                                                                     |                9 |             32 |         3.56 |
|  design_1_i/clk_wiz_1/inst/clk_out1                        | design_1_i/microblaze_0/U0/MicroBlaze_Core_I/Area.Core/Decode_I/Using_FPGA.MUXCY_JUMP_CARRY3/PC_Write                                                                                                     | design_1_i/microblaze_0/U0/MicroBlaze_Core_I/sync_reset                                                                                                                     |               13 |             32 |         2.46 |
|  design_1_i/clk_wiz_1/inst/clk_out1                        | design_1_i/microblaze_0/U0/MicroBlaze_Core_I/Area.Core/Decode_I/Using_FPGA.of_PipeRun_MuxCY_1/OF_PipeRun                                                                                                  |                                                                                                                                                                             |                7 |             32 |         4.57 |
|  design_1_i/clk_wiz_1/inst/clk_out1                        | design_1_i/microblaze_0/U0/MicroBlaze_Core_I/Area.Core/Decode_I/Using_FPGA.of_PipeRun_MuxCY_1/mul_Executing_reg                                                                                           |                                                                                                                                                                             |               16 |             32 |         2.00 |
|  design_1_i/clk_wiz_1/inst/clk_out1                        |                                                                                                                                                                                                           | design_1_i/microblaze_0/U0/MicroBlaze_Core_I/Area.Core/Implement_Debug_Logic.Master_Core.Debug_Area/Area_Debug_Control.Dbg_Inhibit_EX_FDRSE/SR[0]                           |               18 |             33 |         1.83 |
|  design_1_i/clk_wiz_1/inst/clk_out1                        | design_1_i/microblaze_0_axi_periph/xbar/inst/gen_sasd.crossbar_sasd_0/addr_arbiter_inst/E[0]                                                                                                              |                                                                                                                                                                             |               10 |             33 |         3.30 |
|  design_1_i/mdm_1/U0/No_Dbg_Reg_Access.BUFG_DRCK/Dbg_Clk_0 | design_1_i/mdm_1/U0/Use_E2.BSCAN_I/Use_BSCAN.PORT_Selector_reg[0]                                                                                                                                         |                                                                                                                                                                             |               13 |             46 |         3.54 |
|  design_1_i/clk_wiz_1/inst/clk_out1                        | design_1_i/microblaze_0/U0/MicroBlaze_Core_I/Area.Core/Using_Ext_Databus.DAXI_Interface_I1/M_AXI_DP_AWADDR0                                                                                               | design_1_i/microblaze_0/U0/MicroBlaze_Core_I/sync_reset                                                                                                                     |               19 |             55 |         2.89 |
|  design_1_i/clk_wiz_1/inst/clk_out1                        |                                                                                                                                                                                                           | design_1_i/microblaze_0/U0/MicroBlaze_Core_I/Area.Core/Decode_I/in0                                                                                                         |               27 |             63 |         2.33 |
|  design_1_i/clk_wiz_1/inst/clk_out1                        | design_1_i/microblaze_0/U0/MicroBlaze_Core_I/Area.Core/Decode_I/Using_FPGA.clean_iReady_MuxCY/IReady                                                                                                      |                                                                                                                                                                             |               15 |             64 |         4.27 |
|  design_1_i/clk_wiz_1/inst/clk_out1                        |                                                                                                                                                                                                           | design_1_i/microblaze_0/U0/MicroBlaze_Core_I/sync_reset                                                                                                                     |               28 |             79 |         2.82 |
|  design_1_i/mdm_1/U0/No_Dbg_Reg_Access.BUFG_DRCK/Dbg_Clk_0 |                                                                                                                                                                                                           |                                                                                                                                                                             |               25 |             81 |         3.24 |
|  design_1_i/clk_wiz_1/inst/clk_out1                        | design_1_i/microblaze_0/U0/MicroBlaze_Core_I/Area.Core/Decode_I/Using_FPGA.of_PipeRun_MuxCY_1/mul_Executing_reg                                                                                           | design_1_i/microblaze_0/U0/MicroBlaze_Core_I/sync_reset                                                                                                                     |               30 |            101 |         3.37 |
|  design_1_i/clk_wiz_1/inst/clk_out1                        | design_1_i/microblaze_0/U0/MicroBlaze_Core_I/Area.Core/Decode_I/Reg_Write                                                                                                                                 |                                                                                                                                                                             |               32 |            128 |         4.00 |
|  design_1_i/clk_wiz_1/inst/clk_out1                        |                                                                                                                                                                                                           |                                                                                                                                                                             |               97 |            285 |         2.94 |
+------------------------------------------------------------+-----------------------------------------------------------------------------------------------------------------------------------------------------------------------------------------------------------+-----------------------------------------------------------------------------------------------------------------------------------------------------------------------------+------------------+----------------+--------------+


