
*** Running vivado
    with args -log design_1_wrapper.vds -m64 -product Vivado -mode batch -messageDb vivado.pb -notrace -source design_1_wrapper.tcl



****** Vivado v2020.2 (64-bit)
  **** SW Build 3064766 on Wed Nov 18 09:12:45 MST 2020
  **** IP Build 3064653 on Wed Nov 18 14:17:31 MST 2020
    ** Copyright 1986-2020 Xilinx, Inc. All Rights Reserved.

source design_1_wrapper.tcl -notrace
INFO: [IP_Flow 19-234] Refreshing IP repositories
INFO: [IP_Flow 19-1704] No user IP repositories specified
INFO: [IP_Flow 19-2313] Loaded Vivado IP repository 'D:/Xilinxvtis/Vivado/2020.2/data/ip'.
Command: synth_design -top design_1_wrapper -part xc7a100tcsg324-1
Starting synth_design
Attempting to get a license for feature 'Synthesis' and/or device 'xc7a100t'
INFO: [Common 17-349] Got license for feature 'Synthesis' and/or device 'xc7a100t'
INFO: [Device 21-403] Loading part xc7a100tcsg324-1
INFO: [Synth 8-7079] Multithreading enabled for synth_design using a maximum of 2 processes.
INFO: [Synth 8-7078] Launching helper process for spawning children vivado processes
INFO: [Synth 8-7075] Helper process launched with PID 18896
---------------------------------------------------------------------------------
Starting RTL Elaboration : Time (s): cpu = 00:00:06 ; elapsed = 00:00:07 . Memory (MB): peak = 1113.320 ; gain = 0.000
---------------------------------------------------------------------------------
INFO: [Synth 8-6157] synthesizing module 'design_1_wrapper' [d:/Github/Microblaze/Microblaze_helloword/Microblaze_helloword.gen/sources_1/bd/design_1/hdl/design_1_wrapper.v:12]
INFO: [Synth 8-6157] synthesizing module 'design_1' [d:/Github/Microblaze/Microblaze_helloword/Microblaze_helloword.gen/sources_1/bd/design_1/synth/design_1.v:13]
INFO: [Synth 8-6157] synthesizing module 'design_1_axi_gpio_0_0' [D:/Github/Microblaze/Microblaze_helloword/Microblaze_helloword.runs/synth_1/.Xil/Vivado-30896-DESKTOP-S4DCQVH/realtime/design_1_axi_gpio_0_0_stub.v:6]
INFO: [Synth 8-6155] done synthesizing module 'design_1_axi_gpio_0_0' (1#1) [D:/Github/Microblaze/Microblaze_helloword/Microblaze_helloword.runs/synth_1/.Xil/Vivado-30896-DESKTOP-S4DCQVH/realtime/design_1_axi_gpio_0_0_stub.v:6]
INFO: [Synth 8-6157] synthesizing module 'design_1_clk_wiz_1_0' [D:/Github/Microblaze/Microblaze_helloword/Microblaze_helloword.runs/synth_1/.Xil/Vivado-30896-DESKTOP-S4DCQVH/realtime/design_1_clk_wiz_1_0_stub.v:5]
INFO: [Synth 8-6155] done synthesizing module 'design_1_clk_wiz_1_0' (2#1) [D:/Github/Microblaze/Microblaze_helloword/Microblaze_helloword.runs/synth_1/.Xil/Vivado-30896-DESKTOP-S4DCQVH/realtime/design_1_clk_wiz_1_0_stub.v:5]
INFO: [Synth 8-6157] synthesizing module 'design_1_mdm_1_0' [D:/Github/Microblaze/Microblaze_helloword/Microblaze_helloword.runs/synth_1/.Xil/Vivado-30896-DESKTOP-S4DCQVH/realtime/design_1_mdm_1_0_stub.v:6]
INFO: [Synth 8-6155] done synthesizing module 'design_1_mdm_1_0' (3#1) [D:/Github/Microblaze/Microblaze_helloword/Microblaze_helloword.runs/synth_1/.Xil/Vivado-30896-DESKTOP-S4DCQVH/realtime/design_1_mdm_1_0_stub.v:6]
WARNING: [Synth 8-7071] port 'Interrupt' of module 'design_1_mdm_1_0' is unconnected for instance 'mdm_1' [d:/Github/Microblaze/Microblaze_helloword/Microblaze_helloword.gen/sources_1/bd/design_1/synth/design_1.v:151]
WARNING: [Synth 8-7023] instance 'mdm_1' of module 'design_1_mdm_1_0' has 30 connections declared, but only 29 given [d:/Github/Microblaze/Microblaze_helloword/Microblaze_helloword.gen/sources_1/bd/design_1/synth/design_1.v:151]
INFO: [Synth 8-6157] synthesizing module 'design_1_microblaze_0_0' [D:/Github/Microblaze/Microblaze_helloword/Microblaze_helloword.runs/synth_1/.Xil/Vivado-30896-DESKTOP-S4DCQVH/realtime/design_1_microblaze_0_0_stub.v:6]
INFO: [Synth 8-6155] done synthesizing module 'design_1_microblaze_0_0' (4#1) [D:/Github/Microblaze/Microblaze_helloword/Microblaze_helloword.runs/synth_1/.Xil/Vivado-30896-DESKTOP-S4DCQVH/realtime/design_1_microblaze_0_0_stub.v:6]
WARNING: [Synth 8-7071] port 'Interrupt_Ack' of module 'design_1_microblaze_0_0' is unconnected for instance 'microblaze_0' [d:/Github/Microblaze/Microblaze_helloword/Microblaze_helloword.gen/sources_1/bd/design_1/synth/design_1.v:183]
WARNING: [Synth 8-7023] instance 'microblaze_0' of module 'design_1_microblaze_0_0' has 52 connections declared, but only 51 given [d:/Github/Microblaze/Microblaze_helloword/Microblaze_helloword.gen/sources_1/bd/design_1/synth/design_1.v:183]
INFO: [Synth 8-6157] synthesizing module 'design_1_microblaze_0_axi_periph_0' [d:/Github/Microblaze/Microblaze_helloword/Microblaze_helloword.gen/sources_1/bd/design_1/synth/design_1.v:330]
INFO: [Synth 8-6157] synthesizing module 'm00_couplers_imp_8RVYHO' [d:/Github/Microblaze/Microblaze_helloword/Microblaze_helloword.gen/sources_1/bd/design_1/synth/design_1.v:780]
INFO: [Synth 8-6155] done synthesizing module 'm00_couplers_imp_8RVYHO' (5#1) [d:/Github/Microblaze/Microblaze_helloword/Microblaze_helloword.gen/sources_1/bd/design_1/synth/design_1.v:780]
INFO: [Synth 8-6157] synthesizing module 'm01_couplers_imp_1UTB3Y5' [d:/Github/Microblaze/Microblaze_helloword/Microblaze_helloword.gen/sources_1/bd/design_1/synth/design_1.v:912]
INFO: [Synth 8-6155] done synthesizing module 'm01_couplers_imp_1UTB3Y5' (6#1) [d:/Github/Microblaze/Microblaze_helloword/Microblaze_helloword.gen/sources_1/bd/design_1/synth/design_1.v:912]
INFO: [Synth 8-6157] synthesizing module 's00_couplers_imp_1RZP34U' [d:/Github/Microblaze/Microblaze_helloword/Microblaze_helloword.gen/sources_1/bd/design_1/synth/design_1.v:1278]
INFO: [Synth 8-6155] done synthesizing module 's00_couplers_imp_1RZP34U' (7#1) [d:/Github/Microblaze/Microblaze_helloword/Microblaze_helloword.gen/sources_1/bd/design_1/synth/design_1.v:1278]
INFO: [Synth 8-6157] synthesizing module 'design_1_xbar_0' [D:/Github/Microblaze/Microblaze_helloword/Microblaze_helloword.runs/synth_1/.Xil/Vivado-30896-DESKTOP-S4DCQVH/realtime/design_1_xbar_0_stub.v:6]
INFO: [Synth 8-6155] done synthesizing module 'design_1_xbar_0' (8#1) [D:/Github/Microblaze/Microblaze_helloword/Microblaze_helloword.runs/synth_1/.Xil/Vivado-30896-DESKTOP-S4DCQVH/realtime/design_1_xbar_0_stub.v:6]
WARNING: [Synth 8-7071] port 'm_axi_awprot' of module 'design_1_xbar_0' is unconnected for instance 'xbar' [d:/Github/Microblaze/Microblaze_helloword/Microblaze_helloword.gen/sources_1/bd/design_1/synth/design_1.v:739]
WARNING: [Synth 8-7071] port 'm_axi_arprot' of module 'design_1_xbar_0' is unconnected for instance 'xbar' [d:/Github/Microblaze/Microblaze_helloword/Microblaze_helloword.gen/sources_1/bd/design_1/synth/design_1.v:739]
WARNING: [Synth 8-7023] instance 'xbar' of module 'design_1_xbar_0' has 40 connections declared, but only 38 given [d:/Github/Microblaze/Microblaze_helloword/Microblaze_helloword.gen/sources_1/bd/design_1/synth/design_1.v:739]
INFO: [Synth 8-6155] done synthesizing module 'design_1_microblaze_0_axi_periph_0' (9#1) [d:/Github/Microblaze/Microblaze_helloword/Microblaze_helloword.gen/sources_1/bd/design_1/synth/design_1.v:330]
INFO: [Synth 8-6157] synthesizing module 'microblaze_0_local_memory_imp_1K0VQXK' [d:/Github/Microblaze/Microblaze_helloword/Microblaze_helloword.gen/sources_1/bd/design_1/synth/design_1.v:1044]
INFO: [Synth 8-6157] synthesizing module 'design_1_dlmb_bram_if_cntlr_0' [D:/Github/Microblaze/Microblaze_helloword/Microblaze_helloword.runs/synth_1/.Xil/Vivado-30896-DESKTOP-S4DCQVH/realtime/design_1_dlmb_bram_if_cntlr_0_stub.v:6]
INFO: [Synth 8-6155] done synthesizing module 'design_1_dlmb_bram_if_cntlr_0' (10#1) [D:/Github/Microblaze/Microblaze_helloword/Microblaze_helloword.runs/synth_1/.Xil/Vivado-30896-DESKTOP-S4DCQVH/realtime/design_1_dlmb_bram_if_cntlr_0_stub.v:6]
INFO: [Synth 8-6157] synthesizing module 'design_1_dlmb_v10_0' [D:/Github/Microblaze/Microblaze_helloword/Microblaze_helloword.runs/synth_1/.Xil/Vivado-30896-DESKTOP-S4DCQVH/realtime/design_1_dlmb_v10_0_stub.v:6]
INFO: [Synth 8-6155] done synthesizing module 'design_1_dlmb_v10_0' (11#1) [D:/Github/Microblaze/Microblaze_helloword/Microblaze_helloword.runs/synth_1/.Xil/Vivado-30896-DESKTOP-S4DCQVH/realtime/design_1_dlmb_v10_0_stub.v:6]
WARNING: [Synth 8-7071] port 'LMB_Rst' of module 'design_1_dlmb_v10_0' is unconnected for instance 'dlmb_v10' [d:/Github/Microblaze/Microblaze_helloword/Microblaze_helloword.gen/sources_1/bd/design_1/synth/design_1.v:1190]
WARNING: [Synth 8-7023] instance 'dlmb_v10' of module 'design_1_dlmb_v10_0' has 25 connections declared, but only 24 given [d:/Github/Microblaze/Microblaze_helloword/Microblaze_helloword.gen/sources_1/bd/design_1/synth/design_1.v:1190]
INFO: [Synth 8-6157] synthesizing module 'design_1_ilmb_bram_if_cntlr_0' [D:/Github/Microblaze/Microblaze_helloword/Microblaze_helloword.runs/synth_1/.Xil/Vivado-30896-DESKTOP-S4DCQVH/realtime/design_1_ilmb_bram_if_cntlr_0_stub.v:6]
INFO: [Synth 8-6155] done synthesizing module 'design_1_ilmb_bram_if_cntlr_0' (12#1) [D:/Github/Microblaze/Microblaze_helloword/Microblaze_helloword.runs/synth_1/.Xil/Vivado-30896-DESKTOP-S4DCQVH/realtime/design_1_ilmb_bram_if_cntlr_0_stub.v:6]
INFO: [Synth 8-6157] synthesizing module 'design_1_ilmb_v10_0' [D:/Github/Microblaze/Microblaze_helloword/Microblaze_helloword.runs/synth_1/.Xil/Vivado-30896-DESKTOP-S4DCQVH/realtime/design_1_ilmb_v10_0_stub.v:6]
INFO: [Synth 8-6155] done synthesizing module 'design_1_ilmb_v10_0' (13#1) [D:/Github/Microblaze/Microblaze_helloword/Microblaze_helloword.runs/synth_1/.Xil/Vivado-30896-DESKTOP-S4DCQVH/realtime/design_1_ilmb_v10_0_stub.v:6]
WARNING: [Synth 8-7071] port 'LMB_Rst' of module 'design_1_ilmb_v10_0' is unconnected for instance 'ilmb_v10' [d:/Github/Microblaze/Microblaze_helloword/Microblaze_helloword.gen/sources_1/bd/design_1/synth/design_1.v:1236]
WARNING: [Synth 8-7023] instance 'ilmb_v10' of module 'design_1_ilmb_v10_0' has 25 connections declared, but only 24 given [d:/Github/Microblaze/Microblaze_helloword/Microblaze_helloword.gen/sources_1/bd/design_1/synth/design_1.v:1236]
INFO: [Synth 8-6157] synthesizing module 'design_1_lmb_bram_0' [D:/Github/Microblaze/Microblaze_helloword/Microblaze_helloword.runs/synth_1/.Xil/Vivado-30896-DESKTOP-S4DCQVH/realtime/design_1_lmb_bram_0_stub.v:6]
INFO: [Synth 8-6155] done synthesizing module 'design_1_lmb_bram_0' (14#1) [D:/Github/Microblaze/Microblaze_helloword/Microblaze_helloword.runs/synth_1/.Xil/Vivado-30896-DESKTOP-S4DCQVH/realtime/design_1_lmb_bram_0_stub.v:6]
WARNING: [Synth 8-7071] port 'rsta_busy' of module 'design_1_lmb_bram_0' is unconnected for instance 'lmb_bram' [d:/Github/Microblaze/Microblaze_helloword/Microblaze_helloword.gen/sources_1/bd/design_1/synth/design_1.v:1261]
WARNING: [Synth 8-7071] port 'rstb_busy' of module 'design_1_lmb_bram_0' is unconnected for instance 'lmb_bram' [d:/Github/Microblaze/Microblaze_helloword/Microblaze_helloword.gen/sources_1/bd/design_1/synth/design_1.v:1261]
WARNING: [Synth 8-7023] instance 'lmb_bram' of module 'design_1_lmb_bram_0' has 16 connections declared, but only 14 given [d:/Github/Microblaze/Microblaze_helloword/Microblaze_helloword.gen/sources_1/bd/design_1/synth/design_1.v:1261]
INFO: [Synth 8-6155] done synthesizing module 'microblaze_0_local_memory_imp_1K0VQXK' (15#1) [d:/Github/Microblaze/Microblaze_helloword/Microblaze_helloword.gen/sources_1/bd/design_1/synth/design_1.v:1044]
INFO: [Synth 8-6157] synthesizing module 'design_1_rst_clk_wiz_1_100M_0' [D:/Github/Microblaze/Microblaze_helloword/Microblaze_helloword.runs/synth_1/.Xil/Vivado-30896-DESKTOP-S4DCQVH/realtime/design_1_rst_clk_wiz_1_100M_0_stub.v:6]
INFO: [Synth 8-6155] done synthesizing module 'design_1_rst_clk_wiz_1_100M_0' (16#1) [D:/Github/Microblaze/Microblaze_helloword/Microblaze_helloword.runs/synth_1/.Xil/Vivado-30896-DESKTOP-S4DCQVH/realtime/design_1_rst_clk_wiz_1_100M_0_stub.v:6]
WARNING: [Synth 8-7071] port 'peripheral_reset' of module 'design_1_rst_clk_wiz_1_100M_0' is unconnected for instance 'rst_clk_wiz_1_100M' [d:/Github/Microblaze/Microblaze_helloword/Microblaze_helloword.gen/sources_1/bd/design_1/synth/design_1.v:319]
WARNING: [Synth 8-7071] port 'interconnect_aresetn' of module 'design_1_rst_clk_wiz_1_100M_0' is unconnected for instance 'rst_clk_wiz_1_100M' [d:/Github/Microblaze/Microblaze_helloword/Microblaze_helloword.gen/sources_1/bd/design_1/synth/design_1.v:319]
WARNING: [Synth 8-7023] instance 'rst_clk_wiz_1_100M' of module 'design_1_rst_clk_wiz_1_100M_0' has 10 connections declared, but only 8 given [d:/Github/Microblaze/Microblaze_helloword/Microblaze_helloword.gen/sources_1/bd/design_1/synth/design_1.v:319]
INFO: [Synth 8-6155] done synthesizing module 'design_1' (17#1) [d:/Github/Microblaze/Microblaze_helloword/Microblaze_helloword.gen/sources_1/bd/design_1/synth/design_1.v:13]
INFO: [Synth 8-6157] synthesizing module 'IOBUF' [D:/Xilinxvtis/Vivado/2020.2/scripts/rt/data/unisim_comp.v:36242]
	Parameter DRIVE bound to: 12 - type: integer 
	Parameter IBUF_LOW_PWR bound to: TRUE - type: string 
	Parameter IOSTANDARD bound to: DEFAULT - type: string 
	Parameter SLEW bound to: SLOW - type: string 
INFO: [Synth 8-6155] done synthesizing module 'IOBUF' (18#1) [D:/Xilinxvtis/Vivado/2020.2/scripts/rt/data/unisim_comp.v:36242]
INFO: [Synth 8-6155] done synthesizing module 'design_1_wrapper' (19#1) [d:/Github/Microblaze/Microblaze_helloword/Microblaze_helloword.gen/sources_1/bd/design_1/hdl/design_1_wrapper.v:12]
---------------------------------------------------------------------------------
Finished RTL Elaboration : Time (s): cpu = 00:00:08 ; elapsed = 00:00:08 . Memory (MB): peak = 1147.434 ; gain = 34.113
---------------------------------------------------------------------------------
---------------------------------------------------------------------------------
Start Handling Custom Attributes
---------------------------------------------------------------------------------
---------------------------------------------------------------------------------
Finished Handling Custom Attributes : Time (s): cpu = 00:00:08 ; elapsed = 00:00:09 . Memory (MB): peak = 1147.434 ; gain = 34.113
---------------------------------------------------------------------------------
---------------------------------------------------------------------------------
Finished RTL Optimization Phase 1 : Time (s): cpu = 00:00:08 ; elapsed = 00:00:09 . Memory (MB): peak = 1147.434 ; gain = 34.113
---------------------------------------------------------------------------------
Netlist sorting complete. Time (s): cpu = 00:00:00 ; elapsed = 00:00:00.044 . Memory (MB): peak = 1147.434 ; gain = 0.000
INFO: [Netlist 29-17] Analyzing 16 Unisim elements for replacement
INFO: [Netlist 29-28] Unisim Transformation completed in 0 CPU seconds
INFO: [Project 1-570] Preparing netlist for logic optimization

Processing XDC Constraints
Initializing timing engine
Parsing XDC File [d:/Github/Microblaze/Microblaze_helloword/Microblaze_helloword.gen/sources_1/bd/design_1/ip/design_1_microblaze_0_0/design_1_microblaze_0_0/design_1_microblaze_0_0_in_context.xdc] for cell 'design_1_i/microblaze_0'
Finished Parsing XDC File [d:/Github/Microblaze/Microblaze_helloword/Microblaze_helloword.gen/sources_1/bd/design_1/ip/design_1_microblaze_0_0/design_1_microblaze_0_0/design_1_microblaze_0_0_in_context.xdc] for cell 'design_1_i/microblaze_0'
Parsing XDC File [d:/Github/Microblaze/Microblaze_helloword/Microblaze_helloword.gen/sources_1/bd/design_1/ip/design_1_axi_gpio_0_0/design_1_axi_gpio_0_0/design_1_axi_gpio_0_0_in_context.xdc] for cell 'design_1_i/axi_gpio_0'
Finished Parsing XDC File [d:/Github/Microblaze/Microblaze_helloword/Microblaze_helloword.gen/sources_1/bd/design_1/ip/design_1_axi_gpio_0_0/design_1_axi_gpio_0_0/design_1_axi_gpio_0_0_in_context.xdc] for cell 'design_1_i/axi_gpio_0'
Parsing XDC File [d:/Github/Microblaze/Microblaze_helloword/Microblaze_helloword.gen/sources_1/bd/design_1/ip/design_1_dlmb_v10_0/design_1_dlmb_v10_0/design_1_dlmb_v10_0_in_context.xdc] for cell 'design_1_i/microblaze_0_local_memory/dlmb_v10'
Finished Parsing XDC File [d:/Github/Microblaze/Microblaze_helloword/Microblaze_helloword.gen/sources_1/bd/design_1/ip/design_1_dlmb_v10_0/design_1_dlmb_v10_0/design_1_dlmb_v10_0_in_context.xdc] for cell 'design_1_i/microblaze_0_local_memory/dlmb_v10'
Parsing XDC File [d:/Github/Microblaze/Microblaze_helloword/Microblaze_helloword.gen/sources_1/bd/design_1/ip/design_1_ilmb_v10_0/design_1_ilmb_v10_0/design_1_dlmb_v10_0_in_context.xdc] for cell 'design_1_i/microblaze_0_local_memory/ilmb_v10'
Finished Parsing XDC File [d:/Github/Microblaze/Microblaze_helloword/Microblaze_helloword.gen/sources_1/bd/design_1/ip/design_1_ilmb_v10_0/design_1_ilmb_v10_0/design_1_dlmb_v10_0_in_context.xdc] for cell 'design_1_i/microblaze_0_local_memory/ilmb_v10'
Parsing XDC File [d:/Github/Microblaze/Microblaze_helloword/Microblaze_helloword.gen/sources_1/bd/design_1/ip/design_1_dlmb_bram_if_cntlr_0/design_1_dlmb_bram_if_cntlr_0/design_1_dlmb_bram_if_cntlr_0_in_context.xdc] for cell 'design_1_i/microblaze_0_local_memory/dlmb_bram_if_cntlr'
Finished Parsing XDC File [d:/Github/Microblaze/Microblaze_helloword/Microblaze_helloword.gen/sources_1/bd/design_1/ip/design_1_dlmb_bram_if_cntlr_0/design_1_dlmb_bram_if_cntlr_0/design_1_dlmb_bram_if_cntlr_0_in_context.xdc] for cell 'design_1_i/microblaze_0_local_memory/dlmb_bram_if_cntlr'
Parsing XDC File [d:/Github/Microblaze/Microblaze_helloword/Microblaze_helloword.gen/sources_1/bd/design_1/ip/design_1_ilmb_bram_if_cntlr_0/design_1_ilmb_bram_if_cntlr_0/design_1_ilmb_bram_if_cntlr_0_in_context.xdc] for cell 'design_1_i/microblaze_0_local_memory/ilmb_bram_if_cntlr'
Finished Parsing XDC File [d:/Github/Microblaze/Microblaze_helloword/Microblaze_helloword.gen/sources_1/bd/design_1/ip/design_1_ilmb_bram_if_cntlr_0/design_1_ilmb_bram_if_cntlr_0/design_1_ilmb_bram_if_cntlr_0_in_context.xdc] for cell 'design_1_i/microblaze_0_local_memory/ilmb_bram_if_cntlr'
Parsing XDC File [d:/Github/Microblaze/Microblaze_helloword/Microblaze_helloword.gen/sources_1/bd/design_1/ip/design_1_lmb_bram_0/design_1_lmb_bram_0/design_1_lmb_bram_0_in_context.xdc] for cell 'design_1_i/microblaze_0_local_memory/lmb_bram'
Finished Parsing XDC File [d:/Github/Microblaze/Microblaze_helloword/Microblaze_helloword.gen/sources_1/bd/design_1/ip/design_1_lmb_bram_0/design_1_lmb_bram_0/design_1_lmb_bram_0_in_context.xdc] for cell 'design_1_i/microblaze_0_local_memory/lmb_bram'
Parsing XDC File [d:/Github/Microblaze/Microblaze_helloword/Microblaze_helloword.gen/sources_1/bd/design_1/ip/design_1_xbar_0/design_1_xbar_0/design_1_xbar_0_in_context.xdc] for cell 'design_1_i/microblaze_0_axi_periph/xbar'
Finished Parsing XDC File [d:/Github/Microblaze/Microblaze_helloword/Microblaze_helloword.gen/sources_1/bd/design_1/ip/design_1_xbar_0/design_1_xbar_0/design_1_xbar_0_in_context.xdc] for cell 'design_1_i/microblaze_0_axi_periph/xbar'
Parsing XDC File [d:/Github/Microblaze/Microblaze_helloword/Microblaze_helloword.gen/sources_1/bd/design_1/ip/design_1_mdm_1_0/design_1_mdm_1_0/design_1_mdm_1_0_in_context.xdc] for cell 'design_1_i/mdm_1'
Finished Parsing XDC File [d:/Github/Microblaze/Microblaze_helloword/Microblaze_helloword.gen/sources_1/bd/design_1/ip/design_1_mdm_1_0/design_1_mdm_1_0/design_1_mdm_1_0_in_context.xdc] for cell 'design_1_i/mdm_1'
Parsing XDC File [d:/Github/Microblaze/Microblaze_helloword/Microblaze_helloword.gen/sources_1/bd/design_1/ip/design_1_clk_wiz_1_0/design_1_clk_wiz_1_0/design_1_clk_wiz_1_0_in_context.xdc] for cell 'design_1_i/clk_wiz_1'
Finished Parsing XDC File [d:/Github/Microblaze/Microblaze_helloword/Microblaze_helloword.gen/sources_1/bd/design_1/ip/design_1_clk_wiz_1_0/design_1_clk_wiz_1_0/design_1_clk_wiz_1_0_in_context.xdc] for cell 'design_1_i/clk_wiz_1'
Parsing XDC File [d:/Github/Microblaze/Microblaze_helloword/Microblaze_helloword.gen/sources_1/bd/design_1/ip/design_1_rst_clk_wiz_1_100M_0/design_1_rst_clk_wiz_1_100M_0/design_1_rst_clk_wiz_1_100M_0_in_context.xdc] for cell 'design_1_i/rst_clk_wiz_1_100M'
Finished Parsing XDC File [d:/Github/Microblaze/Microblaze_helloword/Microblaze_helloword.gen/sources_1/bd/design_1/ip/design_1_rst_clk_wiz_1_100M_0/design_1_rst_clk_wiz_1_100M_0/design_1_rst_clk_wiz_1_100M_0_in_context.xdc] for cell 'design_1_i/rst_clk_wiz_1_100M'
Parsing XDC File [D:/Github/Microblaze/Microblaze_helloword/Microblaze_helloword.runs/synth_1/dont_touch.xdc]
Finished Parsing XDC File [D:/Github/Microblaze/Microblaze_helloword/Microblaze_helloword.runs/synth_1/dont_touch.xdc]
Completed Processing XDC Constraints

Netlist sorting complete. Time (s): cpu = 00:00:00 ; elapsed = 00:00:00 . Memory (MB): peak = 1224.414 ; gain = 0.000
INFO: [Project 1-111] Unisim Transformation Summary:
  A total of 16 instances were transformed.
  IOBUF => IOBUF (IBUF, OBUFT): 16 instances

Constraint Validation Runtime : Time (s): cpu = 00:00:00 ; elapsed = 00:00:00.018 . Memory (MB): peak = 1224.414 ; gain = 0.000
WARNING: [Timing 38-316] Clock period '20.000' specified during out-of-context synthesis of instance 'design_1_i/microblaze_0_local_memory/lmb_bram' at clock pin 'clka' is different from the actual clock period '10.000', this can lead to different synthesis results.
---------------------------------------------------------------------------------
Finished Constraint Validation : Time (s): cpu = 00:00:16 ; elapsed = 00:00:18 . Memory (MB): peak = 1235.945 ; gain = 122.625
---------------------------------------------------------------------------------
---------------------------------------------------------------------------------
Start Loading Part and Timing Information
---------------------------------------------------------------------------------
Loading part: xc7a100tcsg324-1
---------------------------------------------------------------------------------
Finished Loading Part and Timing Information : Time (s): cpu = 00:00:16 ; elapsed = 00:00:18 . Memory (MB): peak = 1235.945 ; gain = 122.625
---------------------------------------------------------------------------------
---------------------------------------------------------------------------------
Start Applying 'set_property' XDC Constraints
---------------------------------------------------------------------------------
Applied set_property IO_BUFFER_TYPE = NONE for sys_clock. (constraint file  d:/Github/Microblaze/Microblaze_helloword/Microblaze_helloword.gen/sources_1/bd/design_1/ip/design_1_clk_wiz_1_0/design_1_clk_wiz_1_0/design_1_clk_wiz_1_0_in_context.xdc, line 3).
Applied set_property CLOCK_BUFFER_TYPE = NONE for sys_clock. (constraint file  d:/Github/Microblaze/Microblaze_helloword/Microblaze_helloword.gen/sources_1/bd/design_1/ip/design_1_clk_wiz_1_0/design_1_clk_wiz_1_0/design_1_clk_wiz_1_0_in_context.xdc, line 4).
Applied set_property KEEP_HIERARCHY = SOFT for design_1_i. (constraint file  auto generated constraint).
Applied set_property KEEP_HIERARCHY = SOFT for design_1_i/microblaze_0. (constraint file  auto generated constraint).
Applied set_property KEEP_HIERARCHY = SOFT for design_1_i/axi_gpio_0. (constraint file  auto generated constraint).
Applied set_property KEEP_HIERARCHY = SOFT for design_1_i/microblaze_0_local_memory/dlmb_v10. (constraint file  auto generated constraint).
Applied set_property KEEP_HIERARCHY = SOFT for design_1_i/microblaze_0_local_memory/ilmb_v10. (constraint file  auto generated constraint).
Applied set_property KEEP_HIERARCHY = SOFT for design_1_i/microblaze_0_local_memory/dlmb_bram_if_cntlr. (constraint file  auto generated constraint).
Applied set_property KEEP_HIERARCHY = SOFT for design_1_i/microblaze_0_local_memory/ilmb_bram_if_cntlr. (constraint file  auto generated constraint).
Applied set_property KEEP_HIERARCHY = SOFT for design_1_i/microblaze_0_local_memory/lmb_bram. (constraint file  auto generated constraint).
Applied set_property KEEP_HIERARCHY = SOFT for design_1_i/microblaze_0_axi_periph/xbar. (constraint file  auto generated constraint).
Applied set_property KEEP_HIERARCHY = SOFT for design_1_i/microblaze_0_axi_periph. (constraint file  auto generated constraint).
Applied set_property KEEP_HIERARCHY = SOFT for design_1_i/mdm_1. (constraint file  auto generated constraint).
Applied set_property KEEP_HIERARCHY = SOFT for design_1_i/clk_wiz_1. (constraint file  auto generated constraint).
Applied set_property KEEP_HIERARCHY = SOFT for design_1_i/rst_clk_wiz_1_100M. (constraint file  auto generated constraint).
---------------------------------------------------------------------------------
Finished applying 'set_property' XDC Constraints : Time (s): cpu = 00:00:17 ; elapsed = 00:00:18 . Memory (MB): peak = 1235.945 ; gain = 122.625
---------------------------------------------------------------------------------
---------------------------------------------------------------------------------
Finished RTL Optimization Phase 2 : Time (s): cpu = 00:00:17 ; elapsed = 00:00:18 . Memory (MB): peak = 1235.945 ; gain = 122.625
---------------------------------------------------------------------------------
---------------------------------------------------------------------------------
Start RTL Component Statistics 
---------------------------------------------------------------------------------
Detailed RTL Component Info : 
---------------------------------------------------------------------------------
Finished RTL Component Statistics 
---------------------------------------------------------------------------------
---------------------------------------------------------------------------------
Start Part Resource Summary
---------------------------------------------------------------------------------
Part Resources:
DSPs: 240 (col length:80)
BRAMs: 270 (col length: RAMB18 80 RAMB36 40)
---------------------------------------------------------------------------------
Finished Part Resource Summary
---------------------------------------------------------------------------------
---------------------------------------------------------------------------------
Start Cross Boundary and Area Optimization
---------------------------------------------------------------------------------
---------------------------------------------------------------------------------
Finished Cross Boundary and Area Optimization : Time (s): cpu = 00:00:18 ; elapsed = 00:00:20 . Memory (MB): peak = 1235.945 ; gain = 122.625
---------------------------------------------------------------------------------
---------------------------------------------------------------------------------
Start Applying XDC Timing Constraints
---------------------------------------------------------------------------------
---------------------------------------------------------------------------------
Finished Applying XDC Timing Constraints : Time (s): cpu = 00:00:25 ; elapsed = 00:00:27 . Memory (MB): peak = 1235.945 ; gain = 122.625
---------------------------------------------------------------------------------
---------------------------------------------------------------------------------
Start Timing Optimization
---------------------------------------------------------------------------------
---------------------------------------------------------------------------------
Finished Timing Optimization : Time (s): cpu = 00:00:25 ; elapsed = 00:00:27 . Memory (MB): peak = 1235.945 ; gain = 122.625
---------------------------------------------------------------------------------
---------------------------------------------------------------------------------
Start Technology Mapping
---------------------------------------------------------------------------------
---------------------------------------------------------------------------------
Finished Technology Mapping : Time (s): cpu = 00:00:25 ; elapsed = 00:00:27 . Memory (MB): peak = 1239.492 ; gain = 126.172
---------------------------------------------------------------------------------
---------------------------------------------------------------------------------
Start IO Insertion
---------------------------------------------------------------------------------
---------------------------------------------------------------------------------
Start Flattening Before IO Insertion
---------------------------------------------------------------------------------
---------------------------------------------------------------------------------
Finished Flattening Before IO Insertion
---------------------------------------------------------------------------------
---------------------------------------------------------------------------------
Start Final Netlist Cleanup
---------------------------------------------------------------------------------
---------------------------------------------------------------------------------
Finished Final Netlist Cleanup
---------------------------------------------------------------------------------
---------------------------------------------------------------------------------
Finished IO Insertion : Time (s): cpu = 00:00:30 ; elapsed = 00:00:32 . Memory (MB): peak = 1245.258 ; gain = 131.938
---------------------------------------------------------------------------------
---------------------------------------------------------------------------------
Start Renaming Generated Instances
---------------------------------------------------------------------------------
---------------------------------------------------------------------------------
Finished Renaming Generated Instances : Time (s): cpu = 00:00:30 ; elapsed = 00:00:32 . Memory (MB): peak = 1245.258 ; gain = 131.938
---------------------------------------------------------------------------------
---------------------------------------------------------------------------------
Start Rebuilding User Hierarchy
---------------------------------------------------------------------------------
---------------------------------------------------------------------------------
Finished Rebuilding User Hierarchy : Time (s): cpu = 00:00:30 ; elapsed = 00:00:32 . Memory (MB): peak = 1245.258 ; gain = 131.938
---------------------------------------------------------------------------------
---------------------------------------------------------------------------------
Start Renaming Generated Ports
---------------------------------------------------------------------------------
---------------------------------------------------------------------------------
Finished Renaming Generated Ports : Time (s): cpu = 00:00:30 ; elapsed = 00:00:32 . Memory (MB): peak = 1245.258 ; gain = 131.938
---------------------------------------------------------------------------------
---------------------------------------------------------------------------------
Start Handling Custom Attributes
---------------------------------------------------------------------------------
---------------------------------------------------------------------------------
Finished Handling Custom Attributes : Time (s): cpu = 00:00:30 ; elapsed = 00:00:32 . Memory (MB): peak = 1245.258 ; gain = 131.938
---------------------------------------------------------------------------------
---------------------------------------------------------------------------------
Start Renaming Generated Nets
---------------------------------------------------------------------------------
---------------------------------------------------------------------------------
Finished Renaming Generated Nets : Time (s): cpu = 00:00:30 ; elapsed = 00:00:32 . Memory (MB): peak = 1245.258 ; gain = 131.938
---------------------------------------------------------------------------------
---------------------------------------------------------------------------------
Start Writing Synthesis Report
---------------------------------------------------------------------------------

Report BlackBoxes: 
+------+------------------------------+----------+
|      |BlackBox name                 |Instances |
+------+------------------------------+----------+
|1     |design_1_xbar_0               |         1|
|2     |design_1_axi_gpio_0_0         |         1|
|3     |design_1_clk_wiz_1_0          |         1|
|4     |design_1_mdm_1_0              |         1|
|5     |design_1_microblaze_0_0       |         1|
|6     |design_1_rst_clk_wiz_1_100M_0 |         1|
|7     |design_1_dlmb_bram_if_cntlr_0 |         1|
|8     |design_1_dlmb_v10_0           |         1|
|9     |design_1_ilmb_bram_if_cntlr_0 |         1|
|10    |design_1_ilmb_v10_0           |         1|
|11    |design_1_lmb_bram_0           |         1|
+------+------------------------------+----------+

Report Cell Usage: 
+------+----------------------------+------+
|      |Cell                        |Count |
+------+----------------------------+------+
|1     |design_1_axi_gpio_0         |     1|
|2     |design_1_clk_wiz_1          |     1|
|3     |design_1_dlmb_bram_if_cntlr |     1|
|4     |design_1_dlmb_v10           |     1|
|5     |design_1_ilmb_bram_if_cntlr |     1|
|6     |design_1_ilmb_v10           |     1|
|7     |design_1_lmb_bram           |     1|
|8     |design_1_mdm_1              |     1|
|9     |design_1_microblaze_0       |     1|
|10    |design_1_rst_clk_wiz_1_100M |     1|
|11    |design_1_xbar               |     1|
|12    |IBUF                        |     1|
|13    |IOBUF                       |    16|
+------+----------------------------+------+
---------------------------------------------------------------------------------
Finished Writing Synthesis Report : Time (s): cpu = 00:00:30 ; elapsed = 00:00:32 . Memory (MB): peak = 1245.258 ; gain = 131.938
---------------------------------------------------------------------------------
Synthesis finished with 0 errors, 0 critical warnings and 0 warnings.
Synthesis Optimization Runtime : Time (s): cpu = 00:00:19 ; elapsed = 00:00:29 . Memory (MB): peak = 1245.258 ; gain = 43.426
Synthesis Optimization Complete : Time (s): cpu = 00:00:30 ; elapsed = 00:00:32 . Memory (MB): peak = 1245.258 ; gain = 131.938
INFO: [Project 1-571] Translating synthesized netlist
Netlist sorting complete. Time (s): cpu = 00:00:00 ; elapsed = 00:00:00.031 . Memory (MB): peak = 1245.258 ; gain = 0.000
INFO: [Netlist 29-17] Analyzing 16 Unisim elements for replacement
INFO: [Netlist 29-28] Unisim Transformation completed in 0 CPU seconds
INFO: [Project 1-570] Preparing netlist for logic optimization
INFO: [Opt 31-138] Pushed 0 inverter(s) to 0 load pin(s).
Netlist sorting complete. Time (s): cpu = 00:00:00 ; elapsed = 00:00:00 . Memory (MB): peak = 1264.133 ; gain = 0.000
INFO: [Project 1-111] Unisim Transformation Summary:
  A total of 16 instances were transformed.
  IOBUF => IOBUF (IBUF, OBUFT): 16 instances

INFO: [Common 17-83] Releasing license: Synthesis
57 Infos, 18 Warnings, 0 Critical Warnings and 0 Errors encountered.
synth_design completed successfully
synth_design: Time (s): cpu = 00:00:36 ; elapsed = 00:00:41 . Memory (MB): peak = 1264.133 ; gain = 150.812
INFO: [Common 17-1381] The checkpoint 'D:/Github/Microblaze/Microblaze_helloword/Microblaze_helloword.runs/synth_1/design_1_wrapper.dcp' has been generated.
INFO: [runtcl-4] Executing : report_utilization -file design_1_wrapper_utilization_synth.rpt -pb design_1_wrapper_utilization_synth.pb
INFO: [Common 17-206] Exiting Vivado at Thu May 13 13:03:12 2021...
